# JRE version: OpenJDK Runtime Environment (11.0.8+10) (build 11.0.8+10-post-Ubuntu-0ubuntu120.04)
# Java VM: OpenJDK 64-Bit Server VM (11.0.8+10-post-Ubuntu-0ubuntu120.04, mixed mode, sharing, tiered, compressed oops, parallel gc, linux-amd64)
Heap:
 PSYoungGen      total 74752K, used 2560K [0x00000000eab00000, 0x00000000f0e00000, 0x0000000100000000)
  eden space 72192K, 0% used [0x00000000eab00000,0x00000000eab00000,0x00000000ef180000)
  from space 2560K, 100% used [0x00000000f0a80000,0x00000000f0d00000,0x00000000f0d00000)
  to   space 1024K, 0% used [0x00000000f0d00000,0x00000000f0d00000,0x00000000f0e00000)
 ParOldGen       total 323584K, used 322966K [0x00000000c0000000, 0x00000000d3c00000, 0x00000000eab00000)
  object space 323584K, 99% used [0x00000000c0000000,0x00000000d3b65b10,0x00000000d3c00000)
 Metaspace       used 76779K, capacity 80257K, committed 80680K, reserved 1122304K
  class space    used 7019K, capacity 8209K, committed 8320K, reserved 1048576K
GC Heap History (20 events):
Event: 5321,354 GC heap after
{Heap after GC invocations=741 (full 22):
 PSYoungGen      total 92160K, used 842K [0x00000000eab00000, 0x00000000f1300000, 0x0000000100000000)
  eden space 91136K, 0% used [0x00000000eab00000,0x00000000eab00000,0x00000000f0400000)
  from space 1024K, 82% used [0x00000000f1200000,0x00000000f12d2910,0x00000000f1300000)
  to   space 1536K, 0% used [0x00000000f1000000,0x00000000f1000000,0x00000000f1180000)
 ParOldGen       total 323584K, used 308396K [0x00000000c0000000, 0x00000000d3c00000, 0x00000000eab00000)
  object space 323584K, 95% used [0x00000000c0000000,0x00000000d2d2b3e0,0x00000000d3c00000)
 Metaspace       used 76755K, capacity 80193K, committed 80424K, reserved 1122304K
  class space    used 7019K, capacity 8209K, committed 8320K, reserved 1048576K
}
Event: 5323,740 GC heap before
{Heap before GC invocations=742 (full 22):
 PSYoungGen      total 92160K, used 91978K [0x00000000eab00000, 0x00000000f1300000, 0x0000000100000000)
  eden space 91136K, 100% used [0x00000000eab00000,0x00000000f0400000,0x00000000f0400000)
  from space 1024K, 82% used [0x00000000f1200000,0x00000000f12d2910,0x00000000f1300000)
  to   space 1536K, 0% used [0x00000000f1000000,0x00000000f1000000,0x00000000f1180000)
 ParOldGen       total 323584K, used 308396K [0x00000000c0000000, 0x00000000d3c00000, 0x00000000eab00000)
  object space 323584K, 95% used [0x00000000c0000000,0x00000000d2d2b3e0,0x00000000d3c00000)
 Metaspace       used 76758K, capacity 80193K, committed 80424K, reserved 1122304K
  class space    used 7019K, capacity 8209K, committed 8320K, reserved 1048576K
}
Event: 5324,024 GC heap after
{Heap after GC invocations=742 (full 22):
 PSYoungGen      total 90112K, used 1514K [0x00000000eab00000, 0x00000000f1280000, 0x0000000100000000)
  eden space 88576K, 0% used [0x00000000eab00000,0x00000000eab00000,0x00000000f0180000)
  from space 1536K, 98% used [0x00000000f1000000,0x00000000f117a910,0x00000000f1180000)
  to   space 1024K, 0% used [0x00000000f1180000,0x00000000f1180000,0x00000000f1280000)
 ParOldGen       total 323584K, used 314104K [0x00000000c0000000, 0x00000000d3c00000, 0x00000000eab00000)
  object space 323584K, 97% used [0x00000000c0000000,0x00000000d32be198,0x00000000d3c00000)
 Metaspace       used 76758K, capacity 80193K, committed 80424K, reserved 1122304K
  class space    used 7019K, capacity 8209K, committed 8320K, reserved 1048576K
}
Event: 5325,870 GC heap before
{Heap before GC invocations=743 (full 22):
 PSYoungGen      total 90112K, used 90090K [0x00000000eab00000, 0x00000000f1280000, 0x0000000100000000)
  eden space 88576K, 100% used [0x00000000eab00000,0x00000000f0180000,0x00000000f0180000)
  from space 1536K, 98% used [0x00000000f1000000,0x00000000f117a910,0x00000000f1180000)
  to   space 1024K, 0% used [0x00000000f1180000,0x00000000f1180000,0x00000000f1280000)
 ParOldGen       total 323584K, used 314104K [0x00000000c0000000, 0x00000000d3c00000, 0x00000000eab00000)
  object space 323584K, 97% used [0x00000000c0000000,0x00000000d32be198,0x00000000d3c00000)
 Metaspace       used 76760K, capacity 80193K, committed 80424K, reserved 1122304K
  class space    used 7019K, capacity 8209K, committed 8320K, reserved 1048576K
}
Event: 5326,127 GC heap after
{Heap after GC invocations=743 (full 22):
 PSYoungGen      total 87040K, used 1012K [0x00000000eab00000, 0x00000000f1280000, 0x0000000100000000)
  eden space 86016K, 0% used [0x00000000eab00000,0x00000000eab00000,0x00000000eff00000)
  from space 1024K, 98% used [0x00000000f1180000,0x00000000f127d200,0x00000000f1280000)
  to   space 5120K, 0% used [0x00000000f0880000,0x00000000f0880000,0x00000000f0d80000)
 ParOldGen       total 323584K, used 317017K [0x00000000c0000000, 0x00000000d3c00000, 0x00000000eab00000)
  object space 323584K, 97% used [0x00000000c0000000,0x00000000d35965d8,0x00000000d3c00000)
 Metaspace       used 76760K, capacity 80193K, committed 80424K, reserved 1122304K
  class space    used 7019K, capacity 8209K, committed 8320K, reserved 1048576K
}
Event: 5327,966 GC heap before
{Heap before GC invocations=744 (full 22):
 PSYoungGen      total 87040K, used 87028K [0x00000000eab00000, 0x00000000f1280000, 0x0000000100000000)
  eden space 86016K, 100% used [0x00000000eab00000,0x00000000eff00000,0x00000000eff00000)
  from space 1024K, 98% used [0x00000000f1180000,0x00000000f127d200,0x00000000f1280000)
  to   space 5120K, 0% used [0x00000000f0880000,0x00000000f0880000,0x00000000f0d80000)
 ParOldGen       total 323584K, used 317017K [0x00000000c0000000, 0x00000000d3c00000, 0x00000000eab00000)
  object space 323584K, 97% used [0x00000000c0000000,0x00000000d35965d8,0x00000000d3c00000)
 Metaspace       used 76761K, capacity 80193K, committed 80424K, reserved 1122304K
  class space    used 7019K, capacity 8209K, committed 8320K, reserved 1048576K
}
Event: 5328,081 GC heap after
{Heap after GC invocations=744 (full 22):
 PSYoungGen      total 89088K, used 788K [0x00000000eab00000, 0x00000000f1200000, 0x0000000100000000)
  eden space 83968K, 0% used [0x00000000eab00000,0x00000000eab00000,0x00000000efd00000)
  from space 5120K, 15% used [0x00000000f0880000,0x00000000f0945200,0x00000000f0d80000)
  to   space 2560K, 0% used [0x00000000f0f80000,0x00000000f0f80000,0x00000000f1200000)
 ParOldGen       total 323584K, used 317989K [0x00000000c0000000, 0x00000000d3c00000, 0x00000000eab00000)
  object space 323584K, 98% used [0x00000000c0000000,0x00000000d36894d0,0x00000000d3c00000)
 Metaspace       used 76761K, capacity 80193K, committed 80424K, reserved 1122304K
  class space    used 7019K, capacity 8209K, committed 8320K, reserved 1048576K
}
Event: 5329,971 GC heap before
{Heap before GC invocations=745 (full 22):
 PSYoungGen      total 89088K, used 84756K [0x00000000eab00000, 0x00000000f1200000, 0x0000000100000000)
  eden space 83968K, 100% used [0x00000000eab00000,0x00000000efd00000,0x00000000efd00000)
  from space 5120K, 15% used [0x00000000f0880000,0x00000000f0945200,0x00000000f0d80000)
  to   space 2560K, 0% used [0x00000000f0f80000,0x00000000f0f80000,0x00000000f1200000)
 ParOldGen       total 323584K, used 317989K [0x00000000c0000000, 0x00000000d3c00000, 0x00000000eab00000)
  object space 323584K, 98% used [0x00000000c0000000,0x00000000d36894d0,0x00000000d3c00000)
 Metaspace       used 76761K, capacity 80193K, committed 80424K, reserved 1122304K
  class space    used 7019K, capacity 8209K, committed 8320K, reserved 1048576K
}
Event: 5330,014 GC heap after
{Heap after GC invocations=745 (full 22):
 PSYoungGen      total 82432K, used 416K [0x00000000eab00000, 0x00000000f1000000, 0x0000000100000000)
  eden space 81920K, 0% used [0x00000000eab00000,0x00000000eab00000,0x00000000efb00000)
  from space 512K, 81% used [0x00000000f0f80000,0x00000000f0fe8000,0x00000000f1000000)
  to   space 1024K, 0% used [0x00000000f0e00000,0x00000000f0e00000,0x00000000f0f00000)
 ParOldGen       total 323584K, used 317989K [0x00000000c0000000, 0x00000000d3c00000, 0x00000000eab00000)
  object space 323584K, 98% used [0x00000000c0000000,0x00000000d36894d0,0x00000000d3c00000)
 Metaspace       used 76761K, capacity 80193K, committed 80424K, reserved 1122304K
  class space    used 7019K, capacity 8209K, committed 8320K, reserved 1048576K
}
Event: 5331,919 GC heap before
{Heap before GC invocations=746 (full 22):
 PSYoungGen      total 82432K, used 82336K [0x00000000eab00000, 0x00000000f1000000, 0x0000000100000000)
  eden space 81920K, 100% used [0x00000000eab00000,0x00000000efb00000,0x00000000efb00000)
  from space 512K, 81% used [0x00000000f0f80000,0x00000000f0fe8000,0x00000000f1000000)
  to   space 1024K, 0% used [0x00000000f0e00000,0x00000000f0e00000,0x00000000f0f00000)
 ParOldGen       total 323584K, used 317989K [0x00000000c0000000, 0x00000000d3c00000, 0x00000000eab00000)
  object space 323584K, 98% used [0x00000000c0000000,0x00000000d36894d0,0x00000000d3c00000)
 Metaspace       used 76763K, capacity 80193K, committed 80424K, reserved 1122304K
  class space    used 7019K, capacity 8209K, committed 8320K, reserved 1048576K
}
Event: 5332,211 GC heap after
{Heap after GC invocations=746 (full 22):
 PSYoungGen      total 80896K, used 1024K [0x00000000eab00000, 0x00000000f1000000, 0x0000000100000000)
  eden space 79872K, 0% used [0x00000000eab00000,0x00000000eab00000,0x00000000ef900000)
  from space 1024K, 100% used [0x00000000f0e00000,0x00000000f0f00000,0x00000000f0f00000)
  to   space 1024K, 0% used [0x00000000f0f00000,0x00000000f0f00000,0x00000000f1000000)
 ParOldGen       total 323584K, used 319433K [0x00000000c0000000, 0x00000000d3c00000, 0x00000000eab00000)
  object space 323584K, 98% used [0x00000000c0000000,0x00000000d37f2710,0x00000000d3c00000)
 Metaspace       used 76763K, capacity 80193K, committed 80424K, reserved 1122304K
  class space    used 7019K, capacity 8209K, committed 8320K, reserved 1048576K
}
Event: 5334,685 GC heap before
{Heap before GC invocations=747 (full 22):
 PSYoungGen      total 80896K, used 80896K [0x00000000eab00000, 0x00000000f1000000, 0x0000000100000000)
  eden space 79872K, 100% used [0x00000000eab00000,0x00000000ef900000,0x00000000ef900000)
  from space 1024K, 100% used [0x00000000f0e00000,0x00000000f0f00000,0x00000000f0f00000)
  to   space 1024K, 0% used [0x00000000f0f00000,0x00000000f0f00000,0x00000000f1000000)
 ParOldGen       total 323584K, used 319433K [0x00000000c0000000, 0x00000000d3c00000, 0x00000000eab00000)
  object space 323584K, 98% used [0x00000000c0000000,0x00000000d37f2710,0x00000000d3c00000)
 Metaspace       used 76769K, capacity 80257K, committed 80680K, reserved 1122304K
  class space    used 7019K, capacity 8209K, committed 8320K, reserved 1048576K
}
Event: 5334,858 GC heap after
{Heap after GC invocations=747 (full 22):
 PSYoungGen      total 78848K, used 1024K [0x00000000eab00000, 0x00000000f1000000, 0x0000000100000000)
  eden space 77824K, 0% used [0x00000000eab00000,0x00000000eab00000,0x00000000ef700000)
  from space 1024K, 100% used [0x00000000f0f00000,0x00000000f1000000,0x00000000f1000000)
  to   space 2560K, 0% used [0x00000000f0b00000,0x00000000f0b00000,0x00000000f0d80000)
 ParOldGen       total 323584K, used 320824K [0x00000000c0000000, 0x00000000d3c00000, 0x00000000eab00000)
  object space 323584K, 99% used [0x00000000c0000000,0x00000000d394e250,0x00000000d3c00000)
 Metaspace       used 76769K, capacity 80257K, committed 80680K, reserved 1122304K
  class space    used 7019K, capacity 8209K, committed 8320K, reserved 1048576K
}
Event: 5340,749 GC heap before
{Heap before GC invocations=748 (full 22):
 PSYoungGen      total 78848K, used 78848K [0x00000000eab00000, 0x00000000f1000000, 0x0000000100000000)
  eden space 77824K, 100% used [0x00000000eab00000,0x00000000ef700000,0x00000000ef700000)
  from space 1024K, 100% used [0x00000000f0f00000,0x00000000f1000000,0x00000000f1000000)
  to   space 2560K, 0% used [0x00000000f0b00000,0x00000000f0b00000,0x00000000f0d80000)
 ParOldGen       total 323584K, used 320824K [0x00000000c0000000, 0x00000000d3c00000, 0x00000000eab00000)
  object space 323584K, 99% used [0x00000000c0000000,0x00000000d394e250,0x00000000d3c00000)
 Metaspace       used 76771K, capacity 80257K, committed 80680K, reserved 1122304K
  class space    used 7019K, capacity 8209K, committed 8320K, reserved 1048576K
}
Event: 5340,820 GC heap after
{Heap after GC invocations=748 (full 22):
 PSYoungGen      total 78336K, used 1812K [0x00000000eab00000, 0x00000000f0f80000, 0x0000000100000000)
  eden space 75776K, 0% used [0x00000000eab00000,0x00000000eab00000,0x00000000ef500000)
  from space 2560K, 70% used [0x00000000f0b00000,0x00000000f0cc5200,0x00000000f0d80000)
  to   space 2048K, 0% used [0x00000000f0d80000,0x00000000f0d80000,0x00000000f0f80000)
 ParOldGen       total 323584K, used 321669K [0x00000000c0000000, 0x00000000d3c00000, 0x00000000eab00000)
  object space 323584K, 99% used [0x00000000c0000000,0x00000000d3a21450,0x00000000d3c00000)
 Metaspace       used 76771K, capacity 80257K, committed 80680K, reserved 1122304K
  class space    used 7019K, capacity 8209K, committed 8320K, reserved 1048576K
}
Event: 5344,614 GC heap before
{Heap before GC invocations=749 (full 22):
 PSYoungGen      total 78336K, used 77588K [0x00000000eab00000, 0x00000000f0f80000, 0x0000000100000000)
  eden space 75776K, 100% used [0x00000000eab00000,0x00000000ef500000,0x00000000ef500000)
  from space 2560K, 70% used [0x00000000f0b00000,0x00000000f0cc5200,0x00000000f0d80000)
  to   space 2048K, 0% used [0x00000000f0d80000,0x00000000f0d80000,0x00000000f0f80000)
 ParOldGen       total 323584K, used 321669K [0x00000000c0000000, 0x00000000d3c00000, 0x00000000eab00000)
  object space 323584K, 99% used [0x00000000c0000000,0x00000000d3a21450,0x00000000d3c00000)
 Metaspace       used 76777K, capacity 80257K, committed 80680K, reserved 1122304K
  class space    used 7019K, capacity 8209K, committed 8320K, reserved 1048576K
}
Event: 5344,626 GC heap after
{Heap after GC invocations=749 (full 22):
 PSYoungGen      total 75776K, used 2020K [0x00000000eab00000, 0x00000000f0f80000, 0x0000000100000000)
  eden space 73728K, 0% used [0x00000000eab00000,0x00000000eab00000,0x00000000ef300000)
  from space 2048K, 98% used [0x00000000f0d80000,0x00000000f0f79210,0x00000000f0f80000)
  to   space 2560K, 0% used [0x00000000f0a80000,0x00000000f0a80000,0x00000000f0d00000)
 ParOldGen       total 323584K, used 321818K [0x00000000c0000000, 0x00000000d3c00000, 0x00000000eab00000)
  object space 323584K, 99% used [0x00000000c0000000,0x00000000d3a468f0,0x00000000d3c00000)
 Metaspace       used 76777K, capacity 80257K, committed 80680K, reserved 1122304K
  class space    used 7019K, capacity 8209K, committed 8320K, reserved 1048576K
}
Event: 5358,560 GC heap before
{Heap before GC invocations=750 (full 22):
 PSYoungGen      total 75776K, used 75748K [0x00000000eab00000, 0x00000000f0f80000, 0x0000000100000000)
  eden space 73728K, 100% used [0x00000000eab00000,0x00000000ef300000,0x00000000ef300000)
  from space 2048K, 98% used [0x00000000f0d80000,0x00000000f0f79210,0x00000000f0f80000)
  to   space 2560K, 0% used [0x00000000f0a80000,0x00000000f0a80000,0x00000000f0d00000)
 ParOldGen       total 323584K, used 321818K [0x00000000c0000000, 0x00000000d3c00000, 0x00000000eab00000)
  object space 323584K, 99% used [0x00000000c0000000,0x00000000d3a468f0,0x00000000d3c00000)
 Metaspace       used 76779K, capacity 80257K, committed 80680K, reserved 1122304K
  class space    used 7019K, capacity 8209K, committed 8320K, reserved 1048576K
}
Event: 5358,584 GC heap after
{Heap after GC invocations=750 (full 22):
 PSYoungGen      total 74752K, used 2560K [0x00000000eab00000, 0x00000000f0e00000, 0x0000000100000000)
  eden space 72192K, 0% used [0x00000000eab00000,0x00000000eab00000,0x00000000ef180000)
  from space 2560K, 100% used [0x00000000f0a80000,0x00000000f0d00000,0x00000000f0d00000)
  to   space 1024K, 0% used [0x00000000f0d00000,0x00000000f0d00000,0x00000000f0e00000)
 ParOldGen       total 323584K, used 322966K [0x00000000c0000000, 0x00000000d3c00000, 0x00000000eab00000)
  object space 323584K, 99% used [0x00000000c0000000,0x00000000d3b65b10,0x00000000d3c00000)
 Metaspace       used 76779K, capacity 80257K, committed 80680K, reserved 1122304K
  class space    used 7019K, capacity 8209K, committed 8320K, reserved 1048576K
}
Event: 5358,585 GC heap before
{Heap before GC invocations=751 (full 23):
 PSYoungGen      total 74752K, used 2560K [0x00000000eab00000, 0x00000000f0e00000, 0x0000000100000000)
  eden space 72192K, 0% used [0x00000000eab00000,0x00000000eab00000,0x00000000ef180000)
  from space 2560K, 100% used [0x00000000f0a80000,0x00000000f0d00000,0x00000000f0d00000)
  to   space 1024K, 0% used [0x00000000f0d00000,0x00000000f0d00000,0x00000000f0e00000)
 ParOldGen       total 323584K, used 322966K [0x00000000c0000000, 0x00000000d3c00000, 0x00000000eab00000)
  object space 323584K, 99% used [0x00000000c0000000,0x00000000d3b65b10,0x00000000d3c00000)
 Metaspace       used 76779K, capacity 80257K, committed 80680K, reserved 1122304K
  class space    used 7019K, capacity 8209K, committed 8320K, reserved 1048576K
}

